<?xml version="1.0" encoding="UTF-8"?>
<!-- Generated by org.testng.reporters.JUnitReportReporter -->
<testsuite hostname="LAPTOP-VVQO476E" failures="0" tests="1" name="com.actitime.testscript.CustomerModule" time="13.154" errors="0" timestamp="2024-02-23T23:00:32 IST" skipped="0">
  <testcase classname="com.actitime.testscript.CustomerModule" name="testCreateCustomer" time="13.154"/>
  <system-out/>
</testsuite> <!-- com.actitime.testscript.CustomerModule -->
