<?xml version="1.0" encoding="UTF-8"?>
<!-- Generated by org.testng.reporters.JUnitReportReporter -->
<testsuite hostname="LAPTOP-VVQO476E" failures="0" tests="1" name="com.actitime.testscript.MyModule" time="0.014" errors="0" timestamp="2024-03-01T15:59:44 IST" skipped="0">
  <testcase classname="com.actitime.testscript.MyModule" name="dummyModule" time="0.014"/>
  <system-out>
    <![CDATA[pushing test case]]>
  </system-out>
</testsuite> <!-- com.actitime.testscript.MyModule -->
